C:\USERS\LENOVO\DOWNLOADS\ICEVENTURE\DEBUG\ICEVENTURE.EXE
C:\USERS\LENOVO\DOWNLOADS\ICEVENTURE\DEBUG\ICEVENTURE.ILK
C:\USERS\LENOVO\DOWNLOADS\ICEVENTURE\DEBUG\ICEVENTURE.PDB
C:\USERS\LENOVO\DOWNLOADS\ICEVENTURE\IGRAPHICS PROJECT\DEBUG\ICEVENTURE.EXE.INTERMEDIATE.MANIFEST
C:\USERS\LENOVO\DOWNLOADS\ICEVENTURE\IGRAPHICS PROJECT\DEBUG\IMAIN.OBJ
C:\USERS\LENOVO\DOWNLOADS\ICEVENTURE\IGRAPHICS PROJECT\DEBUG\VC100.PDB
C:\USERS\USER\DESKTOP\B1 - COPY - COPY\IGRAPHICS PROJECT\DEBUG\IGRAPHICS PROJECT.EXE
C:\USERS\USER\DESKTOP\B1 - COPY - COPY\IGRAPHICS PROJECT\DEBUG\IGRAPHICS PROJECT.ILK
C:\USERS\USER\DESKTOP\B1 - COPY - COPY\IGRAPHICS PROJECT\DEBUG\IGRAPHICS PROJECT.PDB
C:\USERS\USER\DESKTOP\B1 - COPY - COPY\IGRAPHICS PROJECT\IGRAPHICS PROJECT\DEBUG\IGRAPHICS PROJECT.EXE.INTERMEDIATE.MANIFEST
C:\USERS\USER\DESKTOP\B1 - COPY - COPY\IGRAPHICS PROJECT\IGRAPHICS PROJECT\DEBUG\IMAIN.OBJ
C:\USERS\USER\DESKTOP\B1 - COPY - COPY\IGRAPHICS PROJECT\IGRAPHICS PROJECT\DEBUG\VC100.PDB
C:\USERS\USER\DESKTOP\B1\IGRAPHICS PROJECT\DEBUG\IGRAPHICS PROJECT.EXE
C:\USERS\USER\DESKTOP\B1\IGRAPHICS PROJECT\DEBUG\IGRAPHICS PROJECT.ILK
C:\USERS\USER\DESKTOP\B1\IGRAPHICS PROJECT\DEBUG\IGRAPHICS PROJECT.PDB
C:\USERS\USER\DESKTOP\B1\IGRAPHICS PROJECT\IGRAPHICS PROJECT\DEBUG\IGRAPHICS PROJECT.EXE.INTERMEDIATE.MANIFEST
C:\USERS\USER\DESKTOP\B1\IGRAPHICS PROJECT\IGRAPHICS PROJECT\DEBUG\IMAIN.OBJ
C:\USERS\USER\DESKTOP\B1\IGRAPHICS PROJECT\IGRAPHICS PROJECT\DEBUG\VC100.PDB
C:\USERS\USER\DESKTOP\ICEVENTURE\IGRAPHICS PROJECT\DEBUG\IGRAPHICS PROJECT.EXE
C:\USERS\USER\DESKTOP\ICEVENTURE\IGRAPHICS PROJECT\DEBUG\IGRAPHICS PROJECT.ILK
C:\USERS\USER\DESKTOP\ICEVENTURE\IGRAPHICS PROJECT\DEBUG\IGRAPHICS PROJECT.PDB
C:\USERS\USER\DESKTOP\ICEVENTURE\IGRAPHICS PROJECT\IGRAPHICS PROJECT\DEBUG\IGRAPHICS PROJECT.EXE.INTERMEDIATE.MANIFEST
C:\USERS\USER\DESKTOP\ICEVENTURE\IGRAPHICS PROJECT\IGRAPHICS PROJECT\DEBUG\IMAIN.OBJ
C:\USERS\USER\DESKTOP\ICEVENTURE\IGRAPHICS PROJECT\IGRAPHICS PROJECT\DEBUG\VC100.PDB
C:\USERS\USER\DESKTOP\IGRAPHICS PROJECT\DEBUG\IGRAPHICS PROJECT.EXE
C:\USERS\USER\DESKTOP\IGRAPHICS PROJECT\DEBUG\IGRAPHICS PROJECT.ILK
C:\USERS\USER\DESKTOP\IGRAPHICS PROJECT\DEBUG\IGRAPHICS PROJECT.PDB
C:\USERS\USER\DESKTOP\IGRAPHICS PROJECT\IGRAPHICS PROJECT\DEBUG\IGRAPHICS PROJECT.EXE.INTERMEDIATE.MANIFEST
C:\USERS\USER\DESKTOP\IGRAPHICS PROJECT\IGRAPHICS PROJECT\DEBUG\IMAIN.OBJ
C:\USERS\USER\DESKTOP\IGRAPHICS PROJECT\IGRAPHICS PROJECT\DEBUG\VC100.PDB
C:\USERS\USER\DESKTOP\VISUAL STUDIO 2010\IGRAPHICS PROJECT\DEBUG\IGRAPHICS PROJECT.EXE
C:\USERS\USER\DESKTOP\VISUAL STUDIO 2010\IGRAPHICS PROJECT\DEBUG\IGRAPHICS PROJECT.ILK
C:\USERS\USER\DESKTOP\VISUAL STUDIO 2010\IGRAPHICS PROJECT\DEBUG\IGRAPHICS PROJECT.PDB
C:\USERS\USER\DESKTOP\VISUAL STUDIO 2010\IGRAPHICS PROJECT\IGRAPHICS PROJECT\DEBUG\IGRAPHICS PROJECT.EXE.INTERMEDIATE.MANIFEST
C:\USERS\USER\DESKTOP\VISUAL STUDIO 2010\IGRAPHICS PROJECT\IGRAPHICS PROJECT\DEBUG\IMAIN.OBJ
C:\USERS\USER\DESKTOP\VISUAL STUDIO 2010\IGRAPHICS PROJECT\IGRAPHICS PROJECT\DEBUG\VC100.PDB
C:\WORKSPACE\VISUAL STUDIO\IGRAPHICS PROJECT\DEBUG\IGRAPHICS PROJECT.EXE
C:\WORKSPACE\VISUAL STUDIO\IGRAPHICS PROJECT\DEBUG\IGRAPHICS PROJECT.ILK
C:\WORKSPACE\VISUAL STUDIO\IGRAPHICS PROJECT\DEBUG\IGRAPHICS PROJECT.PDB
C:\WORKSPACE\VISUAL STUDIO\IGRAPHICS PROJECT\IGRAPHICS PROJECT\DEBUG\BALLDEMO.OBJ
C:\WORKSPACE\VISUAL STUDIO\IGRAPHICS PROJECT\IGRAPHICS PROJECT\DEBUG\IGRAPHICS PROJECT.EXE.INTERMEDIATE.MANIFEST
C:\WORKSPACE\VISUAL STUDIO\IGRAPHICS PROJECT\IGRAPHICS PROJECT\DEBUG\IMAIN.OBJ
C:\WORKSPACE\VISUAL STUDIO\IGRAPHICS PROJECT\IGRAPHICS PROJECT\DEBUG\MOUSEDEMO.OBJ
C:\WORKSPACE\VISUAL STUDIO\IGRAPHICS PROJECT\IGRAPHICS PROJECT\DEBUG\PICTUREDEMO.OBJ
C:\WORKSPACE\VISUAL STUDIO\IGRAPHICS PROJECT\IGRAPHICS PROJECT\DEBUG\TEXTINPUTDEMO.OBJ
C:\WORKSPACE\VISUAL STUDIO\IGRAPHICS PROJECT\IGRAPHICS PROJECT\DEBUG\VC100.PDB
D:\SHRUTI\ICEVENTURE\IGRAPHICS PROJECT\DEBUG\IGRAPHICS PROJECT.EXE
D:\SHRUTI\ICEVENTURE\IGRAPHICS PROJECT\DEBUG\IGRAPHICS PROJECT.ILK
D:\SHRUTI\ICEVENTURE\IGRAPHICS PROJECT\DEBUG\IGRAPHICS PROJECT.PDB
D:\SHRUTI\ICEVENTURE\IGRAPHICS PROJECT\IGRAPHICS PROJECT\DEBUG\IGRAPHICS PROJECT.EXE.INTERMEDIATE.MANIFEST
D:\SHRUTI\ICEVENTURE\IGRAPHICS PROJECT\IGRAPHICS PROJECT\DEBUG\IMAIN.OBJ
D:\SHRUTI\ICEVENTURE\IGRAPHICS PROJECT\IGRAPHICS PROJECT\DEBUG\VC100.PDB
D:\SHRUTI\IGRAPHICS-PROJECT\IGRAPHICS PROJECT\DEBUG\ICEVENTURE.EXE
D:\SHRUTI\IGRAPHICS-PROJECT\IGRAPHICS PROJECT\DEBUG\ICEVENTURE.ILK
D:\SHRUTI\IGRAPHICS-PROJECT\IGRAPHICS PROJECT\DEBUG\ICEVENTURE.PDB
D:\SHRUTI\IGRAPHICS-PROJECT\IGRAPHICS PROJECT\DEBUG\IGRAPHICS PROJECT.EXE
D:\SHRUTI\IGRAPHICS-PROJECT\IGRAPHICS PROJECT\DEBUG\IGRAPHICS PROJECT.ILK
D:\SHRUTI\IGRAPHICS-PROJECT\IGRAPHICS PROJECT\DEBUG\IGRAPHICS PROJECT.PDB
D:\SHRUTI\IGRAPHICS-PROJECT\IGRAPHICS PROJECT\IGRAPHICS PROJECT\DEBUG\ICEVENTURE.EXE.INTERMEDIATE.MANIFEST
D:\SHRUTI\IGRAPHICS-PROJECT\IGRAPHICS PROJECT\IGRAPHICS PROJECT\DEBUG\IGRAPHICS PROJECT.EXE.INTERMEDIATE.MANIFEST
D:\SHRUTI\IGRAPHICS-PROJECT\IGRAPHICS PROJECT\IGRAPHICS PROJECT\DEBUG\IMAIN.OBJ
D:\SHRUTI\IGRAPHICS-PROJECT\IGRAPHICS PROJECT\IGRAPHICS PROJECT\DEBUG\VC100.PDB
E:\SHRUTI\ICEVENTURE\DEBUG\ICEVENTURE.EXE
E:\SHRUTI\ICEVENTURE\DEBUG\ICEVENTURE.ILK
E:\SHRUTI\ICEVENTURE\DEBUG\ICEVENTURE.PDB
E:\SHRUTI\ICEVENTURE\IGRAPHICS PROJECT\DEBUG\ICEVENTURE.EXE.INTERMEDIATE.MANIFEST
E:\SHRUTI\ICEVENTURE\IGRAPHICS PROJECT\DEBUG\IMAIN.OBJ
E:\SHRUTI\ICEVENTURE\IGRAPHICS PROJECT\DEBUG\VC100.PDB
E:\SHRUTI\ICEVENTURE_LVL2\ICEVENTURE\DEBUG\ICEVENTURE.EXE
E:\SHRUTI\ICEVENTURE_LVL2\ICEVENTURE\DEBUG\ICEVENTURE.ILK
E:\SHRUTI\ICEVENTURE_LVL2\ICEVENTURE\DEBUG\ICEVENTURE.PDB
E:\SHRUTI\ICEVENTURE_LVL2\ICEVENTURE\IGRAPHICS PROJECT\DEBUG\ICEVENTURE.EXE.INTERMEDIATE.MANIFEST
E:\SHRUTI\ICEVENTURE_LVL2\ICEVENTURE\IGRAPHICS PROJECT\DEBUG\IMAIN.OBJ
E:\SHRUTI\ICEVENTURE_LVL2\ICEVENTURE\IGRAPHICS PROJECT\DEBUG\VC100.PDB
E:\SHRUTI\ICEVENTURE_LVL2\ICEVENTURE_LVL2\DEBUG\ICEVENTURE.EXE
E:\SHRUTI\ICEVENTURE_LVL2\ICEVENTURE_LVL2\DEBUG\ICEVENTURE.ILK
E:\SHRUTI\ICEVENTURE_LVL2\ICEVENTURE_LVL2\DEBUG\ICEVENTURE.PDB
E:\SHRUTI\Iceventure_lvl2\ICEVENTURE_lvl2\iGraphics Project\Debug\BallDemo.obj
E:\SHRUTI\Iceventure_lvl2\ICEVENTURE_lvl2\iGraphics Project\Debug\cl.command.1.tlog
E:\SHRUTI\Iceventure_lvl2\ICEVENTURE_lvl2\iGraphics Project\Debug\CL.read.1.tlog
E:\SHRUTI\Iceventure_lvl2\ICEVENTURE_lvl2\iGraphics Project\Debug\CL.write.1.tlog
E:\SHRUTI\ICEVENTURE_LVL2\ICEVENTURE_LVL2\IGRAPHICS PROJECT\DEBUG\ICEVENTURE.EXE.INTERMEDIATE.MANIFEST
E:\SHRUTI\Iceventure_lvl2\ICEVENTURE_lvl2\iGraphics Project\Debug\ICEVENTURE.write.1.tlog
E:\SHRUTI\Iceventure_lvl2\ICEVENTURE_lvl2\iGraphics Project\Debug\iGraphics Project.exe.intermediate.manifest
E:\SHRUTI\Iceventure_lvl2\ICEVENTURE_lvl2\iGraphics Project\Debug\iGraphics Project.ilk
E:\SHRUTI\Iceventure_lvl2\ICEVENTURE_lvl2\iGraphics Project\Debug\iGraphics Project.pdb
E:\SHRUTI\Iceventure_lvl2\ICEVENTURE_lvl2\iGraphics Project\Debug\iGraphics Project.vcxprojResolveAssemblyReference.cache
E:\SHRUTI\Iceventure_lvl2\ICEVENTURE_lvl2\iGraphics Project\Debug\iGraphics Project.write.1.tlog
E:\SHRUTI\ICEVENTURE_LVL2\ICEVENTURE_LVL2\IGRAPHICS PROJECT\DEBUG\IMAIN.OBJ
E:\SHRUTI\Iceventure_lvl2\ICEVENTURE_lvl2\iGraphics Project\Debug\link.command.1.tlog
E:\SHRUTI\Iceventure_lvl2\ICEVENTURE_lvl2\iGraphics Project\Debug\link.read.1.tlog
E:\SHRUTI\Iceventure_lvl2\ICEVENTURE_lvl2\iGraphics Project\Debug\link.write.1.tlog
E:\SHRUTI\Iceventure_lvl2\ICEVENTURE_lvl2\iGraphics Project\Debug\MouseDemo.obj
E:\SHRUTI\Iceventure_lvl2\ICEVENTURE_lvl2\iGraphics Project\Debug\mt.command.1.tlog
E:\SHRUTI\Iceventure_lvl2\ICEVENTURE_lvl2\iGraphics Project\Debug\mt.read.1.tlog
E:\SHRUTI\Iceventure_lvl2\ICEVENTURE_lvl2\iGraphics Project\Debug\mt.write.1.tlog
E:\SHRUTI\Iceventure_lvl2\ICEVENTURE_lvl2\iGraphics Project\Debug\PictureDemo.obj
E:\SHRUTI\Iceventure_lvl2\ICEVENTURE_lvl2\iGraphics Project\Debug\TextInputDemo.obj
E:\SHRUTI\Iceventure_lvl2\ICEVENTURE_lvl2\iGraphics Project\Debug\vc100.idb
E:\SHRUTI\ICEVENTURE_LVL2\ICEVENTURE_LVL2\IGRAPHICS PROJECT\DEBUG\VC100.PDB
F:\STUDY RELATED\DROPBOX\TEACHING\CSE-1200\FALL-2016\IGRAPHICS RESOURCES\SETUP\VISUAL STUDIO 2010\IGRAPHICS PROJECT\DEBUG\IGRAPHICS PROJECT.EXE
F:\STUDY RELATED\DROPBOX\TEACHING\CSE-1200\FALL-2016\IGRAPHICS RESOURCES\SETUP\VISUAL STUDIO 2010\IGRAPHICS PROJECT\DEBUG\IGRAPHICS PROJECT.ILK
F:\STUDY RELATED\DROPBOX\TEACHING\CSE-1200\FALL-2016\IGRAPHICS RESOURCES\SETUP\VISUAL STUDIO 2010\IGRAPHICS PROJECT\DEBUG\IGRAPHICS PROJECT.PDB
F:\STUDY RELATED\DROPBOX\TEACHING\CSE-1200\FALL-2016\IGRAPHICS RESOURCES\SETUP\VISUAL STUDIO 2010\IGRAPHICS PROJECT\IGRAPHICS PROJECT\DEBUG\IGRAPHICS PROJECT.EXE.INTERMEDIATE.MANIFEST
F:\STUDY RELATED\DROPBOX\TEACHING\CSE-1200\FALL-2016\IGRAPHICS RESOURCES\SETUP\VISUAL STUDIO 2010\IGRAPHICS PROJECT\IGRAPHICS PROJECT\DEBUG\IMAIN.OBJ
F:\STUDY RELATED\DROPBOX\TEACHING\CSE-1200\FALL-2016\IGRAPHICS RESOURCES\SETUP\VISUAL STUDIO 2010\IGRAPHICS PROJECT\IGRAPHICS PROJECT\DEBUG\VC100.PDB
G:\LABONNO STUDY\ICEVENTURE\ICEVENTURE\DEBUG\ICEVENTURE.EXE
G:\LABONNO STUDY\ICEVENTURE\ICEVENTURE\DEBUG\ICEVENTURE.ILK
G:\LABONNO STUDY\ICEVENTURE\ICEVENTURE\DEBUG\ICEVENTURE.PDB
G:\LABONNO STUDY\ICEVENTURE\ICEVENTURE\IGRAPHICS PROJECT\DEBUG\ICEVENTURE.EXE.INTERMEDIATE.MANIFEST
G:\LABONNO STUDY\ICEVENTURE\ICEVENTURE\IGRAPHICS PROJECT\DEBUG\IMAIN.OBJ
G:\LABONNO STUDY\ICEVENTURE\ICEVENTURE\IGRAPHICS PROJECT\DEBUG\VC100.PDB
